This file contains any messages produced by compilers while
running configure, to aid debugging if configure makes a mistake.

It was created by puzzles configure 6.66, which was
generated by GNU Autoconf 2.69.  Invocation command line was

  $ ./configure 

## --------- ##
## Platform. ##
## --------- ##

hostname = DESKTOP-DKMLU2A
uname -m = x86_64
uname -r = 4.4.0-18362-Microsoft
uname -s = Linux
uname -v = #476-Microsoft Fri Nov 01 16:53:00 PST 2019

/usr/bin/uname -p = unknown
/bin/uname -X     = unknown

/bin/arch              = unknown
/usr/bin/arch -k       = unknown
/usr/convex/getsysinfo = unknown
/usr/bin/hostinfo      = unknown
/bin/machine           = unknown
/usr/bin/oslevel       = unknown
/bin/universe          = unknown

PATH: /home/me/.local/bin
PATH: /home/me/bin
PATH: /home/me/bin
PATH: /home/me/.local/bin
PATH: /home/me/bin
PATH: /home/me/bin
PATH: /home/me/.nvm/versions/node/v13.12.0/bin
PATH: /usr/local/sbin
PATH: /usr/local/bin
PATH: /usr/sbin
PATH: /usr/bin
PATH: /sbin
PATH: /bin
PATH: /usr/games
PATH: /usr/local/games
PATH: /mnt/c/Program Files (x86)/Common Files/Oracle/Java/javapath
PATH: /mnt/c/WINDOWS/system32
PATH: /mnt/c/WINDOWS
PATH: /mnt/c/WINDOWS/System32/Wbem
PATH: /mnt/c/WINDOWS/System32/WindowsPowerShell/v1.0/
PATH: /mnt/c/WINDOWS/System32/OpenSSH/
PATH: /mnt/c/ProgramData/chocolatey/bin
PATH: /mnt/c/Program Files (x86)/Boxcryptor/bin/
PATH: /mnt/c/Program Files/Git/cmd
PATH: /mnt/c/Program Files/Calibre2/
PATH: /mnt/c/Program Files/Docker/Docker/resources/bin
PATH: /mnt/c/ProgramData/DockerDesktop/version-bin
PATH: /mnt/c/Users/me/AppData/Local/Microsoft/WindowsApps
PATH: /mnt/c/Program Files/Oracle/VirtualBox
PATH: /snap/bin


## ----------- ##
## Core tests. ##
## ----------- ##

configure:1955: checking for a BSD-compatible install
configure:2023: result: /usr/bin/install -c
configure:2034: checking whether build environment is sane
configure:2089: result: yes
configure:2127: WARNING: 'missing' script is too old or missing
configure:2240: checking for a thread-safe mkdir -p
configure:2279: result: /bin/mkdir -p
configure:2286: checking for gawk
configure:2302: found /usr/bin/gawk
configure:2313: result: gawk
configure:2324: checking whether make sets $(MAKE)
configure:2346: result: yes
configure:2375: checking whether make supports nested variables
configure:2392: result: yes
configure:2566: checking for gcc
configure:2582: found /usr/bin/gcc
configure:2593: result: gcc
configure:2822: checking for C compiler version
configure:2831: gcc --version >&5
gcc (Ubuntu 7.5.0-3ubuntu1~18.04) 7.5.0
Copyright (C) 2017 Free Software Foundation, Inc.
This is free software; see the source for copying conditions.  There is NO
warranty; not even for MERCHANTABILITY or FITNESS FOR A PARTICULAR PURPOSE.

configure:2842: $? = 0
configure:2831: gcc -v >&5
Using built-in specs.
COLLECT_GCC=gcc
COLLECT_LTO_WRAPPER=/usr/lib/gcc/x86_64-linux-gnu/7/lto-wrapper
OFFLOAD_TARGET_NAMES=nvptx-none
OFFLOAD_TARGET_DEFAULT=1
Target: x86_64-linux-gnu
Configured with: ../src/configure -v --with-pkgversion='Ubuntu 7.5.0-3ubuntu1~18.04' --with-bugurl=file:///usr/share/doc/gcc-7/README.Bugs --enable-languages=c,ada,c++,go,brig,d,fortran,objc,obj-c++ --prefix=/usr --with-gcc-major-version-only --program-suffix=-7 --program-prefix=x86_64-linux-gnu- --enable-shared --enable-linker-build-id --libexecdir=/usr/lib --without-included-gettext --enable-threads=posix --libdir=/usr/lib --enable-nls --enable-bootstrap --enable-clocale=gnu --enable-libstdcxx-debug --enable-libstdcxx-time=yes --with-default-libstdcxx-abi=new --enable-gnu-unique-object --disable-vtable-verify --enable-libmpx --enable-plugin --enable-default-pie --with-system-zlib --with-target-system-zlib --enable-objc-gc=auto --enable-multiarch --disable-werror --with-arch-32=i686 --with-abi=m64 --with-multilib-list=m32,m64,mx32 --enable-multilib --with-tune=generic --enable-offload-targets=nvptx-none --without-cuda-driver --enable-checking=release --build=x86_64-linux-gnu --host=x86_64-linux-gnu --target=x86_64-linux-gnu
Thread model: posix
gcc version 7.5.0 (Ubuntu 7.5.0-3ubuntu1~18.04) 
configure:2842: $? = 0
configure:2831: gcc -V >&5
gcc: error: unrecognized command line option '-V'
gcc: fatal error: no input files
compilation terminated.
configure:2842: $? = 1
configure:2831: gcc -qversion >&5
gcc: error: unrecognized command line option '-qversion'; did you mean '--version'?
gcc: fatal error: no input files
compilation terminated.
configure:2842: $? = 1
configure:2862: checking whether the C compiler works
configure:2884: gcc    conftest.c  >&5
configure:2888: $? = 0
configure:2936: result: yes
configure:2939: checking for C compiler default output file name
configure:2941: result: a.out
configure:2947: checking for suffix of executables
configure:2954: gcc -o conftest    conftest.c  >&5
configure:2958: $? = 0
configure:2980: result: 
configure:3002: checking whether we are cross compiling
configure:3010: gcc -o conftest    conftest.c  >&5
configure:3014: $? = 0
configure:3021: ./conftest
configure:3025: $? = 0
configure:3040: result: no
configure:3045: checking for suffix of object files
configure:3067: gcc -c   conftest.c >&5
configure:3071: $? = 0
configure:3092: result: o
configure:3096: checking whether we are using the GNU C compiler
configure:3115: gcc -c   conftest.c >&5
configure:3115: $? = 0
configure:3124: result: yes
configure:3133: checking whether gcc accepts -g
configure:3153: gcc -c -g  conftest.c >&5
configure:3153: $? = 0
configure:3194: result: yes
configure:3211: checking for gcc option to accept ISO C89
configure:3274: gcc  -c -g -O2  conftest.c >&5
configure:3274: $? = 0
configure:3287: result: none needed
configure:3312: checking whether gcc understands -c and -o together
configure:3334: gcc -c conftest.c -o conftest2.o
configure:3337: $? = 0
configure:3334: gcc -c conftest.c -o conftest2.o
configure:3337: $? = 0
configure:3349: result: yes
configure:3377: checking for style of include used by make
configure:3405: result: GNU
configure:3431: checking dependency style of gcc
configure:3542: result: gcc3
configure:3655: checking for pkg-config
configure:3673: found /usr/bin/pkg-config
configure:3685: result: /usr/bin/pkg-config
configure:3710: checking pkg-config is at least version 0.16
configure:3713: result: yes
configure:3726: checking for GTK+ - version >= 3.0.0
configure:3833: gcc -o conftest -g -O2 -pthread -I/usr/include/gtk-3.0 -I/usr/include/at-spi2-atk/2.0 -I/usr/include/at-spi-2.0 -I/usr/include/dbus-1.0 -I/usr/lib/x86_64-linux-gnu/dbus-1.0/include -I/usr/include/gtk-3.0 -I/usr/include/gio-unix-2.0/ -I/usr/include/cairo -I/usr/include/pango-1.0 -I/usr/include/harfbuzz -I/usr/include/pango-1.0 -I/usr/include/atk-1.0 -I/usr/include/cairo -I/usr/include/pixman-1 -I/usr/include/freetype2 -I/usr/include/libpng16 -I/usr/include/freetype2 -I/usr/include/libpng16 -I/usr/include/gdk-pixbuf-2.0 -I/usr/include/libpng16 -I/usr/include/glib-2.0 -I/usr/lib/x86_64-linux-gnu/glib-2.0/include   conftest.c -lgtk-3 -lgdk-3 -lpangocairo-1.0 -lpango-1.0 -latk-1.0 -lcairo-gobject -lcairo -lgdk_pixbuf-2.0 -lgio-2.0 -lgobject-2.0 -lglib-2.0  >&5
configure:3833: $? = 0
configure:3833: ./conftest
configure:3833: $? = 0
configure:3847: result: yes (version 3.22.30)
configure:4250: checking for usable gcc warning flags
configure:4293: gcc -c -g -O2 -Wall -pthread -I/usr/include/gtk-3.0 -I/usr/include/at-spi2-atk/2.0 -I/usr/include/at-spi-2.0 -I/usr/include/dbus-1.0 -I/usr/lib/x86_64-linux-gnu/dbus-1.0/include -I/usr/include/gtk-3.0 -I/usr/include/gio-unix-2.0/ -I/usr/include/cairo -I/usr/include/pango-1.0 -I/usr/include/harfbuzz -I/usr/include/pango-1.0 -I/usr/include/atk-1.0 -I/usr/include/cairo -I/usr/include/pixman-1 -I/usr/include/freetype2 -I/usr/include/libpng16 -I/usr/include/freetype2 -I/usr/include/libpng16 -I/usr/include/gdk-pixbuf-2.0 -I/usr/include/libpng16 -I/usr/include/glib-2.0 -I/usr/lib/x86_64-linux-gnu/glib-2.0/include  conftest.c >&5
configure:4293: $? = 0
configure:4293: gcc -c -g -O2 -Wall -Werror -pthread -I/usr/include/gtk-3.0 -I/usr/include/at-spi2-atk/2.0 -I/usr/include/at-spi-2.0 -I/usr/include/dbus-1.0 -I/usr/lib/x86_64-linux-gnu/dbus-1.0/include -I/usr/include/gtk-3.0 -I/usr/include/gio-unix-2.0/ -I/usr/include/cairo -I/usr/include/pango-1.0 -I/usr/include/harfbuzz -I/usr/include/pango-1.0 -I/usr/include/atk-1.0 -I/usr/include/cairo -I/usr/include/pixman-1 -I/usr/include/freetype2 -I/usr/include/libpng16 -I/usr/include/freetype2 -I/usr/include/libpng16 -I/usr/include/gdk-pixbuf-2.0 -I/usr/include/libpng16 -I/usr/include/glib-2.0 -I/usr/lib/x86_64-linux-gnu/glib-2.0/include  conftest.c >&5
configure:4293: $? = 0
configure:4293: gcc -c -g -O2 -Wall -Werror -std=c89 -pthread -I/usr/include/gtk-3.0 -I/usr/include/at-spi2-atk/2.0 -I/usr/include/at-spi-2.0 -I/usr/include/dbus-1.0 -I/usr/lib/x86_64-linux-gnu/dbus-1.0/include -I/usr/include/gtk-3.0 -I/usr/include/gio-unix-2.0/ -I/usr/include/cairo -I/usr/include/pango-1.0 -I/usr/include/harfbuzz -I/usr/include/pango-1.0 -I/usr/include/atk-1.0 -I/usr/include/cairo -I/usr/include/pixman-1 -I/usr/include/freetype2 -I/usr/include/libpng16 -I/usr/include/freetype2 -I/usr/include/libpng16 -I/usr/include/gdk-pixbuf-2.0 -I/usr/include/libpng16 -I/usr/include/glib-2.0 -I/usr/lib/x86_64-linux-gnu/glib-2.0/include  conftest.c >&5
configure:4293: $? = 0
configure:4293: gcc -c -g -O2 -Wall -Werror -std=c89 -pedantic -pthread -I/usr/include/gtk-3.0 -I/usr/include/at-spi2-atk/2.0 -I/usr/include/at-spi-2.0 -I/usr/include/dbus-1.0 -I/usr/lib/x86_64-linux-gnu/dbus-1.0/include -I/usr/include/gtk-3.0 -I/usr/include/gio-unix-2.0/ -I/usr/include/cairo -I/usr/include/pango-1.0 -I/usr/include/harfbuzz -I/usr/include/pango-1.0 -I/usr/include/atk-1.0 -I/usr/include/cairo -I/usr/include/pixman-1 -I/usr/include/freetype2 -I/usr/include/libpng16 -I/usr/include/freetype2 -I/usr/include/libpng16 -I/usr/include/gdk-pixbuf-2.0 -I/usr/include/libpng16 -I/usr/include/glib-2.0 -I/usr/lib/x86_64-linux-gnu/glib-2.0/include  conftest.c >&5
In file included from /usr/lib/x86_64-linux-gnu/glib-2.0/include/glibconfig.h:9:0,
                 from /usr/include/glib-2.0/glib/gtypes.h:32,
                 from /usr/include/glib-2.0/glib/galloca.h:32,
                 from /usr/include/glib-2.0/glib.h:30,
                 from /usr/include/gtk-3.0/gdk/gdkconfig.h:13,
                 from /usr/include/gtk-3.0/gdk/gdk.h:30,
                 from /usr/include/gtk-3.0/gtk/gtk.h:30,
                 from conftest.c:24:
/usr/include/glib-2.0/glib/gtypes.h: In function '_GLIB_CHECKED_ADD_U64':
/usr/include/glib-2.0/glib/gtypes.h:423:41: error: ISO C90 does not support 'long long' [-Werror=long-long]
   G_STATIC_ASSERT(sizeof (unsigned long long) == sizeof (guint64));
                                         ^
/usr/include/glib-2.0/glib/gmacros.h:241:104: note: in definition of macro 'G_STATIC_ASSERT'
 #define G_STATIC_ASSERT(expr) typedef char G_PASTE (_GStaticAssertCompileTimeAssertion_, __COUNTER__)[(expr) ? 1 : -1] G_GNUC_UNUSED
                                                                                                        ^~~~
In file included from /usr/include/glib-2.0/glib/galloca.h:32:0,
                 from /usr/include/glib-2.0/glib.h:30,
                 from /usr/include/gtk-3.0/gdk/gdkconfig.h:13,
                 from /usr/include/gtk-3.0/gdk/gdk.h:30,
                 from /usr/include/gtk-3.0/gtk/gtk.h:30,
                 from conftest.c:24:
/usr/include/glib-2.0/glib/gtypes.h:424:58: error: ISO C90 does not support 'long long' [-Werror=long-long]
   return !__builtin_uaddll_overflow(a, b, (unsigned long long *) dest); }
                                                          ^~~~
/usr/include/glib-2.0/glib/gtypes.h: In function '_GLIB_CHECKED_MUL_U64':
/usr/include/glib-2.0/glib/gtypes.h:426:58: error: ISO C90 does not support 'long long' [-Werror=long-long]
   return !__builtin_umulll_overflow(a, b, (unsigned long long *) dest); }
                                                          ^~~~
In file included from /usr/include/glib-2.0/glib.h:62:0,
                 from /usr/include/gtk-3.0/gdk/gdkconfig.h:13,
                 from /usr/include/gtk-3.0/gdk/gdk.h:30,
                 from /usr/include/gtk-3.0/gtk/gtk.h:30,
                 from conftest.c:24:
/usr/include/glib-2.0/glib/gmessages.h: At top level:
/usr/include/glib-2.0/glib/gmessages.h:136:29: error: comma at end of enumerator list [-Werror=pedantic]
   G_LOG_WRITER_UNHANDLED = 0,
                             ^
/usr/include/glib-2.0/glib/gmessages.h:325:17: error: anonymous variadic macros were introduced in C99 [-Werror=variadic-macros]
 #define g_error(...)  G_STMT_START {                 \
                 ^~~
/usr/include/glib-2.0/glib/gmessages.h:331:19: error: anonymous variadic macros were introduced in C99 [-Werror=variadic-macros]
 #define g_message(...)  g_log (G_LOG_DOMAIN,         \
                   ^~~
/usr/include/glib-2.0/glib/gmessages.h:334:20: error: anonymous variadic macros were introduced in C99 [-Werror=variadic-macros]
 #define g_critical(...) g_log (G_LOG_DOMAIN,         \
                    ^~~
/usr/include/glib-2.0/glib/gmessages.h:337:19: error: anonymous variadic macros were introduced in C99 [-Werror=variadic-macros]
 #define g_warning(...)  g_log (G_LOG_DOMAIN,         \
                   ^~~
/usr/include/glib-2.0/glib/gmessages.h:340:16: error: anonymous variadic macros were introduced in C99 [-Werror=variadic-macros]
 #define g_info(...)     g_log (G_LOG_DOMAIN,         \
                ^~~
/usr/include/glib-2.0/glib/gmessages.h:343:17: error: anonymous variadic macros were introduced in C99 [-Werror=variadic-macros]
 #define g_debug(...)    g_log (G_LOG_DOMAIN,         \
                 ^~~
In file included from /usr/include/glib-2.0/glib.h:79:0,
                 from /usr/include/gtk-3.0/gdk/gdkconfig.h:13,
                 from /usr/include/gtk-3.0/gdk/gdk.h:30,
                 from /usr/include/gtk-3.0/gtk/gtk.h:30,
                 from conftest.c:24:
/usr/include/glib-2.0/glib/gstrfuncs.h:324:40: error: comma at end of enumerator list [-Werror=pedantic]
     G_NUMBER_PARSER_ERROR_OUT_OF_BOUNDS,
                                        ^
In file included from /usr/include/gtk-3.0/gdk/gdkapplaunchcontext.h:30:0,
                 from /usr/include/gtk-3.0/gdk/gdk.h:32,
                 from /usr/include/gtk-3.0/gtk/gtk.h:30,
                 from conftest.c:24:
/usr/include/gtk-3.0/gdk/gdktypes.h:319:39: error: comma at end of enumerator list [-Werror=pedantic]
   GDK_MODIFIER_INTENT_DEFAULT_MOD_MASK,
                                       ^
/usr/include/gtk-3.0/gdk/gdktypes.h:597:48: error: comma at end of enumerator list [-Werror=pedantic]
   GDK_AXIS_FLAG_SLIDER   = 1 << GDK_AXIS_SLIDER,
                                                ^
In file included from /usr/include/gtk-3.0/gdk/gdkevents.h:36:0,
                 from /usr/include/gtk-3.0/gdk/gdkdisplay.h:31,
                 from /usr/include/gtk-3.0/gdk/gdkscreen.h:32,
                 from /usr/include/gtk-3.0/gdk/gdkapplaunchcontext.h:31,
                 from /usr/include/gtk-3.0/gdk/gdk.h:32,
                 from /usr/include/gtk-3.0/gtk/gtk.h:30,
                 from conftest.c:24:
/usr/include/gtk-3.0/gdk/gdkdevicetool.h:61:28: error: comma at end of enumerator list [-Werror=pedantic]
   GDK_DEVICE_TOOL_TYPE_LENS,
                            ^
cc1: all warnings being treated as errors
configure:4293: $? = 1
configure: failed program was:
| /* confdefs.h */
| #define PACKAGE_NAME "puzzles"
| #define PACKAGE_TARNAME "puzzles"
| #define PACKAGE_VERSION "6.66"
| #define PACKAGE_STRING "puzzles 6.66"
| #define PACKAGE_BUGREPORT "anakin@pobox.com"
| #define PACKAGE_URL ""
| #define PACKAGE "puzzles"
| #define VERSION "6.66"
| /* end confdefs.h.  */
| 
|         #include <stdio.h>
|         #include <assert.h>
|         #include <stdlib.h>
|         #include <time.h>
|         #include <stdarg.h>
|         #include <string.h>
|         #include <errno.h>
|         #include <math.h>
| 
|         #include <sys/time.h>
|         #include <sys/resource.h>
| 
|         #include <gtk/gtk.h>
|         #include <gdk/gdkkeysyms.h>
| 
|         #include <gdk-pixbuf/gdk-pixbuf.h>
| 
|         #include <gdk/gdkx.h>
|         #include <X11/Xlib.h>
|         #include <X11/Xutil.h>
|         #include <X11/Xatom.h>
| 
| int
| main ()
| {
| 
|         return 0;
| 
|   ;
|   return 0;
| }
configure:4300: result:  -Wall -Werror -std=c89
configure:4348: checking for ranlib
configure:4364: found /usr/bin/ranlib
configure:4375: result: ranlib
configure:4545: checking that generated files are newer than configure
configure:4551: result: done
configure:4574: creating ./config.status

## ---------------------- ##
## Running config.status. ##
## ---------------------- ##

This file was extended by puzzles config.status 6.66, which was
generated by GNU Autoconf 2.69.  Invocation command line was

  CONFIG_FILES    = 
  CONFIG_HEADERS  = 
  CONFIG_LINKS    = 
  CONFIG_COMMANDS = 
  $ ./config.status 

on DESKTOP-DKMLU2A

config.status:783: creating Makefile
config.status:955: executing depfiles commands

## ---------------- ##
## Cache variables. ##
## ---------------- ##

ac_cv_c_compiler_gnu=yes
ac_cv_env_CC_set=
ac_cv_env_CC_value=
ac_cv_env_CFLAGS_set=
ac_cv_env_CFLAGS_value=
ac_cv_env_CPPFLAGS_set=
ac_cv_env_CPPFLAGS_value=
ac_cv_env_LDFLAGS_set=
ac_cv_env_LDFLAGS_value=
ac_cv_env_LIBS_set=
ac_cv_env_LIBS_value=
ac_cv_env_PKG_CONFIG_LIBDIR_set=
ac_cv_env_PKG_CONFIG_LIBDIR_value=
ac_cv_env_PKG_CONFIG_PATH_set=
ac_cv_env_PKG_CONFIG_PATH_value=
ac_cv_env_PKG_CONFIG_set=
ac_cv_env_PKG_CONFIG_value=
ac_cv_env_build_alias_set=
ac_cv_env_build_alias_value=
ac_cv_env_host_alias_set=
ac_cv_env_host_alias_value=
ac_cv_env_target_alias_set=
ac_cv_env_target_alias_value=
ac_cv_objext=o
ac_cv_path_ac_pt_PKG_CONFIG=/usr/bin/pkg-config
ac_cv_path_install='/usr/bin/install -c'
ac_cv_path_mkdir=/bin/mkdir
ac_cv_prog_AWK=gawk
ac_cv_prog_ac_ct_CC=gcc
ac_cv_prog_ac_ct_RANLIB=ranlib
ac_cv_prog_cc_c89=
ac_cv_prog_cc_g=yes
ac_cv_prog_make_make_set=yes
am_cv_CC_dependencies_compiler_type=gcc3
am_cv_make_support_nested_variables=yes
am_cv_prog_cc_c_o=yes

## ----------------- ##
## Output variables. ##
## ----------------- ##

ACLOCAL='aclocal-1.15'
AMDEPBACKSLASH='\'
AMDEP_FALSE='#'
AMDEP_TRUE=''
AMTAR='$${TAR-tar}'
AM_BACKSLASH='\'
AM_DEFAULT_V='$(AM_DEFAULT_VERBOSITY)'
AM_DEFAULT_VERBOSITY='1'
AM_V='$(V)'
AUTOCONF='autoconf'
AUTOHEADER='autoheader'
AUTOMAKE='automake-1.15'
AWK='gawk'
CC='gcc'
CCDEPMODE='depmode=gcc3'
CFLAGS='-g -O2 -Wall -Werror -std=c89'
CPPFLAGS=''
CYGPATH_W='echo'
DEFS='-DPACKAGE_NAME=\"puzzles\" -DPACKAGE_TARNAME=\"puzzles\" -DPACKAGE_VERSION=\"6.66\" -DPACKAGE_STRING=\"puzzles\ 6.66\" -DPACKAGE_BUGREPORT=\"anakin@pobox.com\" -DPACKAGE_URL=\"\" -DPACKAGE=\"puzzles\" -DVERSION=\"6.66\"'
DEPDIR='.deps'
ECHO_C=''
ECHO_N='-n'
ECHO_T=''
EXEEXT=''
GTK_CFLAGS='-pthread -I/usr/include/gtk-3.0 -I/usr/include/at-spi2-atk/2.0 -I/usr/include/at-spi-2.0 -I/usr/include/dbus-1.0 -I/usr/lib/x86_64-linux-gnu/dbus-1.0/include -I/usr/include/gtk-3.0 -I/usr/include/gio-unix-2.0/ -I/usr/include/cairo -I/usr/include/pango-1.0 -I/usr/include/harfbuzz -I/usr/include/pango-1.0 -I/usr/include/atk-1.0 -I/usr/include/cairo -I/usr/include/pixman-1 -I/usr/include/freetype2 -I/usr/include/libpng16 -I/usr/include/freetype2 -I/usr/include/libpng16 -I/usr/include/gdk-pixbuf-2.0 -I/usr/include/libpng16 -I/usr/include/glib-2.0 -I/usr/lib/x86_64-linux-gnu/glib-2.0/include'
GTK_LIBS='-lgtk-3 -lgdk-3 -lpangocairo-1.0 -lpango-1.0 -latk-1.0 -lcairo-gobject -lcairo -lgdk_pixbuf-2.0 -lgio-2.0 -lgobject-2.0 -lglib-2.0'
INSTALL_DATA='${INSTALL} -m 644'
INSTALL_PROGRAM='${INSTALL}'
INSTALL_SCRIPT='${INSTALL}'
INSTALL_STRIP_PROGRAM='$(install_sh) -c -s'
LDFLAGS=''
LIBOBJS=''
LIBS=''
LTLIBOBJS=''
MAKEINFO='makeinfo'
MKDIR_P='/bin/mkdir -p'
OBJEXT='o'
PACKAGE='puzzles'
PACKAGE_BUGREPORT='anakin@pobox.com'
PACKAGE_NAME='puzzles'
PACKAGE_STRING='puzzles 6.66'
PACKAGE_TARNAME='puzzles'
PACKAGE_URL=''
PACKAGE_VERSION='6.66'
PATH_SEPARATOR=':'
PKG_CONFIG='/usr/bin/pkg-config'
PKG_CONFIG_LIBDIR=''
PKG_CONFIG_PATH=''
RANLIB='ranlib'
SET_MAKE=''
SHELL='/bin/bash'
STRIP=''
VERSION='6.66'
ac_ct_CC='gcc'
am__EXEEXT_FALSE=''
am__EXEEXT_TRUE='#'
am__fastdepCC_FALSE='#'
am__fastdepCC_TRUE=''
am__include='include'
am__isrc=''
am__leading_dot='.'
am__nodep='_no'
am__quote=''
am__tar='$${TAR-tar} chof - "$$tardir"'
am__untar='$${TAR-tar} xf -'
bindir='${exec_prefix}/bin'
build_alias=''
datadir='${datarootdir}'
datarootdir='${prefix}/share'
docdir='${datarootdir}/doc/${PACKAGE_TARNAME}'
dvidir='${docdir}'
exec_prefix='${prefix}'
host_alias=''
htmldir='${docdir}'
includedir='${prefix}/include'
infodir='${datarootdir}/info'
install_sh='${SHELL} /mnt/d/slant_online/puzzles/from_simon/install-sh'
libdir='${exec_prefix}/lib'
libexecdir='${exec_prefix}/libexec'
localedir='${datarootdir}/locale'
localstatedir='${prefix}/var'
mandir='${datarootdir}/man'
mkdir_p='$(MKDIR_P)'
oldincludedir='/usr/include'
pdfdir='${docdir}'
prefix='/usr/local'
program_transform_name='s,x,x,'
psdir='${docdir}'
runstatedir='${localstatedir}/run'
sbindir='${exec_prefix}/sbin'
sharedstatedir='${prefix}/com'
sysconfdir='${prefix}/etc'
target_alias=''

## ----------- ##
## confdefs.h. ##
## ----------- ##

/* confdefs.h */
#define PACKAGE_NAME "puzzles"
#define PACKAGE_TARNAME "puzzles"
#define PACKAGE_VERSION "6.66"
#define PACKAGE_STRING "puzzles 6.66"
#define PACKAGE_BUGREPORT "anakin@pobox.com"
#define PACKAGE_URL ""
#define PACKAGE "puzzles"
#define VERSION "6.66"

configure: exit 0
